2018-07-06 01:26:41,994  INFO SpringBootTestContextBootstrapper:308 - Neither @ContextConfiguration nor @ContextHierarchy found for test class [com.usercenter.UsercenterApplicationTests], using SpringBootContextLoader
2018-07-06 01:26:42,012  INFO AbstractContextLoader:264 - Could not detect default resource locations for test class [com.usercenter.UsercenterApplicationTests]: no resource found for suffixes {-context.xml, Context.groovy}.
2018-07-06 01:26:42,013  INFO AnnotationConfigContextLoaderUtils:83 - Could not detect default configuration classes for test class [com.usercenter.UsercenterApplicationTests]: UsercenterApplicationTests does not declare any static, non-private, non-final, nested classes annotated with @Configuration.
2018-07-06 01:26:42,164  INFO SpringBootTestContextBootstrapper:244 - Found @SpringBootConfiguration com.usercenter.UsercenterApplication for test class com.usercenter.UsercenterApplicationTests
2018-07-06 01:26:42,288  INFO SpringBootTestContextBootstrapper:248 - Loaded default TestExecutionListener class names from location [META-INF/spring.factories]: [org.springframework.boot.test.mock.mockito.MockitoTestExecutionListener, org.springframework.boot.test.mock.mockito.ResetMocksTestExecutionListener, org.springframework.boot.test.autoconfigure.restdocs.RestDocsTestExecutionListener, org.springframework.boot.test.autoconfigure.web.client.MockRestServiceServerResetTestExecutionListener, org.springframework.boot.test.autoconfigure.web.servlet.MockMvcPrintOnlyOnFailureTestExecutionListener, org.springframework.boot.test.autoconfigure.web.servlet.WebDriverTestExecutionListener, org.springframework.test.context.web.ServletTestExecutionListener, org.springframework.test.context.support.DirtiesContextBeforeModesTestExecutionListener, org.springframework.test.context.support.DependencyInjectionTestExecutionListener, org.springframework.test.context.support.DirtiesContextTestExecutionListener, org.springframework.test.context.transaction.TransactionalTestExecutionListener, org.springframework.test.context.jdbc.SqlScriptsTestExecutionListener]
2018-07-06 01:26:42,301  INFO SpringBootTestContextBootstrapper:177 - Using TestExecutionListeners: [org.springframework.test.context.web.ServletTestExecutionListener@c8c12ac, org.springframework.test.context.support.DirtiesContextBeforeModesTestExecutionListener@6adbc9d, org.springframework.boot.test.mock.mockito.MockitoTestExecutionListener@4550bb58, org.springframework.boot.test.autoconfigure.SpringBootDependencyInjectionTestExecutionListener@4ec4f3a0, org.springframework.test.context.support.DirtiesContextTestExecutionListener@223191a6, org.springframework.boot.test.mock.mockito.ResetMocksTestExecutionListener@49139829, org.springframework.boot.test.autoconfigure.restdocs.RestDocsTestExecutionListener@9597028, org.springframework.boot.test.autoconfigure.web.client.MockRestServiceServerResetTestExecutionListener@6069db50, org.springframework.boot.test.autoconfigure.web.servlet.MockMvcPrintOnlyOnFailureTestExecutionListener@4efbca5a, org.springframework.boot.test.autoconfigure.web.servlet.WebDriverTestExecutionListener@1b7cc17c]
2018-07-06 01:26:42,432  INFO Version:21 - HV000001: Hibernate Validator 6.0.10.Final
2018-07-06 01:26:42,594  INFO UsercenterApplicationTests:50 - Starting UsercenterApplicationTests on zhangyangyang with PID 55628 (started by zhangyangyang in E:\idea\usercenter)
2018-07-06 01:26:42,596  INFO UsercenterApplicationTests:659 - No active profile set, falling back to default profiles: default
2018-07-06 01:26:42,649  INFO GenericWebApplicationContext:590 - Refreshing org.springframework.web.context.support.GenericWebApplicationContext@27ff5d15: startup date [Fri Jul 06 01:26:42 CST 2018]; root of context hierarchy
2018-07-06 01:26:45,002  INFO SimpleUrlHandlerMapping:373 - Mapped URL path [/**/favicon.ico] onto handler of type [class org.springframework.web.servlet.resource.ResourceHttpRequestHandler]
2018-07-06 01:26:45,250  INFO RequestMappingHandlerAdapter:574 - Looking for @ControllerAdvice: org.springframework.web.context.support.GenericWebApplicationContext@27ff5d15: startup date [Fri Jul 06 01:26:42 CST 2018]; root of context hierarchy
2018-07-06 01:26:45,256  INFO RequestMappingHandlerAdapter:610 - Detected ResponseBodyAdvice bean in fastJsonpResponseBodyAdvice
2018-07-06 01:26:45,341  INFO RequestMappingHandlerMapping:547 - Mapped "{[/portal/wxsign],produces=[text/plain;charset=UTF-8]}" onto public void com.controller.ServiceInitController.intoUserCenter(javax.servlet.http.HttpServletRequest,javax.servlet.http.HttpServletResponse)
2018-07-06 01:26:45,344  INFO RequestMappingHandlerMapping:547 - Mapped "{[/portal/intopage],produces=[text/plain;charset=UTF-8]}" onto public java.lang.String com.controller.ServiceInitController.intoPage(javax.servlet.http.HttpServletRequest,javax.servlet.http.HttpServletResponse)
2018-07-06 01:26:45,346  INFO RequestMappingHandlerMapping:547 - Mapped "{[/portal/gettc],produces=[text/plain;charset=UTF-8]}" onto public java.lang.String com.controller.ServiceInitController.getToken()
2018-07-06 01:26:45,348  INFO RequestMappingHandlerMapping:547 - Mapped "{[/portal/log],produces=[text/plain;charset=UTF-8]}" onto public java.lang.String com.controller.ServiceInitController.sayHello()
2018-07-06 01:26:45,352  INFO RequestMappingHandlerMapping:547 - Mapped "{[/error]}" onto public org.springframework.http.ResponseEntity<java.util.Map<java.lang.String, java.lang.Object>> org.springframework.boot.autoconfigure.web.servlet.error.BasicErrorController.error(javax.servlet.http.HttpServletRequest)
2018-07-06 01:26:45,353  INFO RequestMappingHandlerMapping:547 - Mapped "{[/error],produces=[text/html]}" onto public org.springframework.web.servlet.ModelAndView org.springframework.boot.autoconfigure.web.servlet.error.BasicErrorController.errorHtml(javax.servlet.http.HttpServletRequest,javax.servlet.http.HttpServletResponse)
2018-07-06 01:26:45,389  INFO SimpleUrlHandlerMapping:373 - Mapped URL path [/webjars/**] onto handler of type [class org.springframework.web.servlet.resource.ResourceHttpRequestHandler]
2018-07-06 01:26:45,390  INFO SimpleUrlHandlerMapping:373 - Mapped URL path [/**] onto handler of type [class org.springframework.web.servlet.resource.ResourceHttpRequestHandler]
2018-07-06 01:26:45,409  INFO ExceptionHandlerExceptionResolver:294 - Detected ResponseBodyAdvice implementation in fastJsonpResponseBodyAdvice
2018-07-06 01:26:45,484  WARN ThymeleafAutoConfiguration$DefaultTemplateResolverConfiguration:104 - Cannot find template location: classpath:/templates/ (please add some templates or check your Thymeleaf configuration)
2018-07-06 01:26:46,199  INFO UsercenterApplicationTests:59 - Started UsercenterApplicationTests in 3.847 seconds (JVM running for 4.801)
2018-07-06 01:26:46,411  INFO GenericWebApplicationContext:993 - Closing org.springframework.web.context.support.GenericWebApplicationContext@27ff5d15: startup date [Fri Jul 06 01:26:42 CST 2018]; root of context hierarchy
